Using pre-set license
Built from '2020.3/staging' branch; Version is '2020.3.13f1 (71691879b7f5) revision 7432472'; Using compiler version '192528614'; Build Type 'Release'
OS: 'Windows 10 Pro; OS build 19041.1052; Version 2004; 64bit' Language: 'pt' Physical Memory: 16261 MB
BatchMode: 1, IsHumanControllingUs: 0, StartBugReporterOnCrash: 0, Is64bit: 1, IsPro: 0

 COMMAND LINE ARGUMENTS:
C:\Program Files\Unity\Hub\Editor\2020.3.13f1\Editor\Unity.exe
-adb2
-batchMode
-noUpm
-name
AssetImportWorker0
-projectPath
C:/Users/joaop/MyFirstGame
-logFile
Logs/AssetImportWorker0.log
-srvPort
61169
Successfully changed project path to: C:/Users/joaop/MyFirstGame
C:/Users/joaop/MyFirstGame
Using Asset Import Pipeline V2.
Refreshing native plugins compatible for Editor in 45.13 ms, found 2 plugins.
Preloading 0 native plugins for Editor in 0.00 ms.
Initialize engine version: 2020.3.13f1 (71691879b7f5)
[Subsystems] Discovering subsystems at path C:/Program Files/Unity/Hub/Editor/2020.3.13f1/Editor/Data/Resources/UnitySubsystems
[Subsystems] Discovering subsystems at path C:/Users/joaop/MyFirstGame/Assets
GfxDevice: creating device client; threaded=0
Direct3D:
    Version:  Direct3D 11.0 [level 11.1]
    Renderer: NVIDIA GeForce GTX 1660 Ti (ID=0x2191)
    Vendor:   
    VRAM:     5991 MB
    Driver:   27.21.14.6627
Initialize mono
Mono path[0] = 'C:/Program Files/Unity/Hub/Editor/2020.3.13f1/Editor/Data/Managed'
Mono path[1] = 'C:/Program Files/Unity/Hub/Editor/2020.3.13f1/Editor/Data/MonoBleedingEdge/lib/mono/unityjit'
Mono config path = 'C:/Program Files/Unity/Hub/Editor/2020.3.13f1/Editor/Data/MonoBleedingEdge/etc'
Using monoOptions --debugger-agent=transport=dt_socket,embedding=1,server=y,suspend=n,address=127.0.0.1:56620
Begin MonoManager ReloadAssembly
Registering precompiled unity dll's ...
Register platform support module: C:/Program Files/Unity/Hub/Editor/2020.3.13f1/Editor/Data/PlaybackEngines/WebGLSupport/UnityEditor.WebGL.Extensions.dll
Register platform support module: C:/Program Files/Unity/Hub/Editor/2020.3.13f1/Editor/Data/PlaybackEngines/WindowsStandaloneSupport/UnityEditor.WindowsStandalone.Extensions.dll
Registered in 0.003047 seconds.
Native extension for WindowsStandalone target not found
Native extension for WebGL target not found
Refreshing native plugins compatible for Editor in 39.51 ms, found 2 plugins.
Preloading 0 native plugins for Editor in 0.00 ms.
Mono: successfully reloaded assembly
- Completed reload, in  1.653 seconds
Platform modules already initialized, skipping
Registering precompiled user dll's ...
Registered in 0.005773 seconds.
Begin MonoManager ReloadAssembly
Native extension for WindowsStandalone target not found
Native extension for WebGL target not found
Refreshing native plugins compatible for Editor in 0.31 ms, found 2 plugins.
Preloading 0 native plugins for Editor in 0.00 ms.
Mono: successfully reloaded assembly
- Completed reload, in  1.443 seconds
Platform modules already initialized, skipping
========================================================================
Worker process is ready to serve import requests
Launched and connected shader compiler UnityShaderCompiler.exe after 0.08 seconds
Refreshing native plugins compatible for Editor in 0.49 ms, found 2 plugins.
Preloading 0 native plugins for Editor in 0.00 ms.
Unloading 1396 Unused Serialized files (Serialized files now loaded: 0)
System memory in use before: 64.8 MB.
System memory in use after: 64.9 MB.

Unloading 18 unused Assets to reduce memory usage. Loaded Objects now: 1831.
Total: 3.182900 ms (FindLiveObjects: 0.250700 ms CreateObjectMapping: 0.047000 ms MarkObjects: 2.754500 ms  DeleteObjects: 0.127400 ms)

AssetImportParameters requested are different than current active one (requested -> active):
  custom:framework-win-MediaFoundation: 216162199b28c13a410421893ffa2e32 -> 
  custom:video-decoder-ogg-theora: a1e56fd34408186e4bbccfd4996cb3dc -> 
  custom:container-muxer-webm: aa71ff27fc2769a1b78a27578f13a17b -> 
  custom:container-demuxer-webm: 4f35f7cbe854078d1ac9338744f61a02 -> 
  custom:container-demuxer-ogg: 62fdf1f143b41e24485cea50d1cbac27 -> 
  custom:video-encoder-webm-vp8: eb34c28f22e8b96e1ab97ce403110664 -> 
  custom:video-decoder-webm-vp8: 9c59270c3fd7afecdb556c50c9e8de78 -> 
  custom:audio-decoder-ogg-vorbis: bf7c407c2cedff20999df2af8eb42d56 -> 
  custom:audio-encoder-webm-vorbis: bf7c407c2cedff20999df2af8eb42d56 -> 
========================================================================
Received Import Request.
  path: Assets/Scripts/GameManager.cs
  artifactKey: Guid(d50ee4fb70604ed4887e91e975127da1) Importer(815301076,1909f56bfc062723c751e8b465ee728b)
Start importing Assets/Scripts/GameManager.cs using Guid(d50ee4fb70604ed4887e91e975127da1) Importer(815301076,1909f56bfc062723c751e8b465ee728b)  -> (artifact id: 'b536168a791fc2e830a9afef3aa2c92e') in 0.035120 seconds 
  Import took 0.038930 seconds .

========================================================================
Received Import Request.
  Time since last request: 0.000467 seconds.
  path: Assets/Scripts/PCollision.cs
  artifactKey: Guid(14fc1c9460362804ead5a58b5ff63c68) Importer(815301076,1909f56bfc062723c751e8b465ee728b)
Start importing Assets/Scripts/PCollision.cs using Guid(14fc1c9460362804ead5a58b5ff63c68) Importer(815301076,1909f56bfc062723c751e8b465ee728b)  -> (artifact id: 'de53e2285d3dfe5f183a090d6764e8a0') in 0.010700 seconds 
  Import took 0.014818 seconds .

========================================================================
Received Import Request.
  Time since last request: 8.971998 seconds.
  path: Assets/Scripts/Score.cs
  artifactKey: Guid(f10527bf83d7c1844886b521b12e60ff) Importer(815301076,1909f56bfc062723c751e8b465ee728b)
Start importing Assets/Scripts/Score.cs using Guid(f10527bf83d7c1844886b521b12e60ff) Importer(815301076,1909f56bfc062723c751e8b465ee728b)  -> (artifact id: '1a99f9450cce07e42047f38136305b57') in 0.009689 seconds 
  Import took 0.013004 seconds .

========================================================================
Received Import Request.
  Time since last request: 0.001071 seconds.
  path: Assets/Scripts/Score.cs
  artifactKey: Guid(f10527bf83d7c1844886b521b12e60ff) Importer(815301076,1909f56bfc062723c751e8b465ee728b)
Start importing Assets/Scripts/Score.cs using Guid(f10527bf83d7c1844886b521b12e60ff) Importer(815301076,1909f56bfc062723c751e8b465ee728b)  -> (artifact id: '1a99f9450cce07e42047f38136305b57') in 0.003665 seconds 
  Import took 0.007559 seconds .

========================================================================
Received Import Request.
  Time since last request: 67.282069 seconds.
  path: Assets/New Material.mat
  artifactKey: Guid(cb945123883391743861cbdaac3552b6) Importer(815301076,1909f56bfc062723c751e8b465ee728b)
Start importing Assets/New Material.mat using Guid(cb945123883391743861cbdaac3552b6) Importer(815301076,1909f56bfc062723c751e8b465ee728b)  -> (artifact id: 'f8f9b9ae9e1a6532dd992f78af2a1892') in 0.158327 seconds 
  Import took 0.161964 seconds .

========================================================================
Received Import Request.
  Time since last request: 18.564551 seconds.
  path: Assets/New Physic Material.physicMaterial
  artifactKey: Guid(d13333735b6398e4db795367fba22afb) Importer(815301076,1909f56bfc062723c751e8b465ee728b)
Start importing Assets/New Physic Material.physicMaterial using Guid(d13333735b6398e4db795367fba22afb) Importer(815301076,1909f56bfc062723c751e8b465ee728b)  -> (artifact id: 'e3630e96417c8ed7f5d26e22e0e510c0') in 0.015111 seconds 
  Import took 0.018638 seconds .

========================================================================
Received Import Request.
  Time since last request: 30.337135 seconds.
  path: Assets/Level1.unity
  artifactKey: Guid(70f28340dbb1b404dafb499cf499e3fe) Importer(815301076,1909f56bfc062723c751e8b465ee728b)
Start importing Assets/Level1.unity using Guid(70f28340dbb1b404dafb499cf499e3fe) Importer(815301076,1909f56bfc062723c751e8b465ee728b)  -> (artifact id: 'b4633d4c5f5200c88e58fb726da5988c') in 0.010666 seconds 
  Import took 0.014157 seconds .

========================================================================
Received Import Request.
  Time since last request: 0.000855 seconds.
  path: Assets/Level1.unity
  artifactKey: Guid(70f28340dbb1b404dafb499cf499e3fe) Importer(815301076,1909f56bfc062723c751e8b465ee728b)
Start importing Assets/Level1.unity using Guid(70f28340dbb1b404dafb499cf499e3fe) Importer(815301076,1909f56bfc062723c751e8b465ee728b)  -> (artifact id: 'b4633d4c5f5200c88e58fb726da5988c') in 0.004995 seconds 
  Import took 0.008448 seconds .

========================================================================
Received Prepare
Registering precompiled user dll's ...
Registered in 0.006192 seconds.
Begin MonoManager ReloadAssembly
Native extension for WindowsStandalone target not found
Native extension for WebGL target not found
Refreshing native plugins compatible for Editor in 0.31 ms, found 2 plugins.
Preloading 0 native plugins for Editor in 0.00 ms.
Mono: successfully reloaded assembly
- Completed reload, in  1.331 seconds
Platform modules already initialized, skipping
Refreshing native plugins compatible for Editor in 0.42 ms, found 2 plugins.
Preloading 0 native plugins for Editor in 0.00 ms.
Unloading 1390 Unused Serialized files (Serialized files now loaded: 0)
System memory in use before: 68.0 MB.
System memory in use after: 68.1 MB.

Unloading 13 unused Assets to reduce memory usage. Loaded Objects now: 1874.
Total: 2.416400 ms (FindLiveObjects: 0.149100 ms CreateObjectMapping: 0.039500 ms MarkObjects: 2.211200 ms  DeleteObjects: 0.015700 ms)

AssetImportParameters requested are different than current active one (requested -> active):
  custom:framework-win-MediaFoundation: 216162199b28c13a410421893ffa2e32 -> 
  custom:video-decoder-ogg-theora: a1e56fd34408186e4bbccfd4996cb3dc -> 
  custom:container-muxer-webm: aa71ff27fc2769a1b78a27578f13a17b -> 
  custom:container-demuxer-webm: 4f35f7cbe854078d1ac9338744f61a02 -> 
  custom:container-demuxer-ogg: 62fdf1f143b41e24485cea50d1cbac27 -> 
  custom:video-encoder-webm-vp8: eb34c28f22e8b96e1ab97ce403110664 -> 
  custom:video-decoder-webm-vp8: 9c59270c3fd7afecdb556c50c9e8de78 -> 
  custom:audio-decoder-ogg-vorbis: bf7c407c2cedff20999df2af8eb42d56 -> 
  custom:audio-encoder-webm-vorbis: bf7c407c2cedff20999df2af8eb42d56 -> 
========================================================================
Received Import Request.
  Time since last request: 1301.311987 seconds.
  path: Assets/Scripts/GameManager.cs
  artifactKey: Guid(d50ee4fb70604ed4887e91e975127da1) Importer(815301076,1909f56bfc062723c751e8b465ee728b)
Start importing Assets/Scripts/GameManager.cs using Guid(d50ee4fb70604ed4887e91e975127da1) Importer(815301076,1909f56bfc062723c751e8b465ee728b)  -> (artifact id: '0c368ba6adb0d53eedf55748f19fe7f5') in 0.007728 seconds 
  Import took 0.010211 seconds .

AssetImportWorkerClient::OnTransportError - code=2 error=End of file
